Building wheels for collected packages: lightgbm
  Building wheel for lightgbm (pyproject.toml) ... error
  error: subprocess-exited-with-error
  
  × Building wheel for lightgbm (pyproject.toml) did not run successfully.
  │ exit code: 1
  ╰─> [98 lines of output]
      /private/var/folders/1t/nwz7cn3x7_jdmb_smf1h62wh0000gn/T/pip-build-env-h48pvjg_/overlay/lib/python3.9/site-packages/setuptools/dist.py:759: SetuptoolsDeprecationWarning: License classifiers are deprecated.
      !!
      
              ********************************************************************************
              Please consider removing the following classifiers in favor of a SPDX license expression:
      
              License :: OSI Approved :: MIT License
      
              See https://packaging.python.org/en/latest/guides/writing-pyproject-toml/#license for details.
              ********************************************************************************
      
      !!
        self._finalize_license_expression()
      INFO:root:running bdist_wheel
      INFO:root:running build
      INFO:root:running build_py
      INFO:root:creating build/lib/lightgbm
      INFO:root:copying lightgbm/callback.py -> build/lib/lightgbm
      INFO:root:copying lightgbm/compat.py -> build/lib/lightgbm
      INFO:root:copying lightgbm/plotting.py -> build/lib/lightgbm
      INFO:root:copying lightgbm/__init__.py -> build/lib/lightgbm
      INFO:root:copying lightgbm/engine.py -> build/lib/lightgbm
      INFO:root:copying lightgbm/dask.py -> build/lib/lightgbm
      INFO:root:copying lightgbm/basic.py -> build/lib/lightgbm
      INFO:root:copying lightgbm/libpath.py -> build/lib/lightgbm
      INFO:root:copying lightgbm/sklearn.py -> build/lib/lightgbm
      INFO:root:running egg_info
      INFO:root:writing lightgbm.egg-info/PKG-INFO
      INFO:root:writing dependency_links to lightgbm.egg-info/dependency_links.txt
      INFO:root:writing requirements to lightgbm.egg-info/requires.txt
      INFO:root:writing top-level names to lightgbm.egg-info/top_level.txt
      INFO:root:reading manifest file 'lightgbm.egg-info/SOURCES.txt'
      INFO:root:reading manifest template 'MANIFEST.in'
      WARNING:root:no previously-included directories found matching 'build'
      WARNING:root:warning: no files found matching '*.so' under directory 'lightgbm'
      WARNING:root:warning: no files found matching '*.so' under directory 'compile'
      WARNING:root:warning: no files found matching '*.dll' under directory 'compile/Release'
      WARNING:root:warning: no files found matching '*.dll' under directory 'compile/windows/x64/DLL'
      WARNING:root:warning: no previously-included files matching '*.py[co]' found anywhere in distribution
      WARNING:root:warning: no previously-included files found matching 'compile/external_libs/compute/.git'
      INFO:root:adding license file 'LICENSE'
      INFO:root:writing manifest file 'lightgbm.egg-info/SOURCES.txt'
      INFO:root:copying lightgbm/VERSION.txt -> build/lib/lightgbm
      INFO:root:installing to build/bdist.macosx-15-arm64/wheel
      INFO:root:running install
      INFO:LightGBM:Starting to compile the library.
      INFO:LightGBM:Starting to compile with CMake.
      Traceback (most recent call last):
        File "<string>", line 95, in silent_call
        File "/opt/homebrew/Cellar/python@3.9/3.9.24/Frameworks/Python.framework/Versions/3.9/lib/python3.9/subprocess.py", line 373, in check_call
          raise CalledProcessError(retcode, cmd)
      subprocess.CalledProcessError: Command '['cmake', '/private/var/folders/1t/nwz7cn3x7_jdmb_smf1h62wh0000gn/T/pip-install-_q2h12u5/lightgbm_b18ee78dc62f40388ee6f4c98ecf2664/compile']' returned non-zero exit status 1.
      
      During handling of the above exception, another exception occurred:
      
      Traceback (most recent call last):
        File "/Users/oscarperez/ONE-HDR-READY/venv/lib/python3.9/site-packages/pip/_vendor/pyproject_hooks/_in_process/_in_process.py", line 389, in <module>
          main()
        File "/Users/oscarperez/ONE-HDR-READY/venv/lib/python3.9/site-packages/pip/_vendor/pyproject_hooks/_in_process/_in_process.py", line 373, in main
          json_out["return_val"] = hook(**hook_input["kwargs"])
        File "/Users/oscarperez/ONE-HDR-READY/venv/lib/python3.9/site-packages/pip/_vendor/pyproject_hooks/_in_process/_in_process.py", line 280, in build_wheel
          return _build_backend().build_wheel(
        File "/private/var/folders/1t/nwz7cn3x7_jdmb_smf1h62wh0000gn/T/pip-build-env-h48pvjg_/overlay/lib/python3.9/site-packages/setuptools/build_meta.py", line 435, in build_wheel
          return _build(['bdist_wheel', '--dist-info-dir', str(metadata_directory)])
        File "/private/var/folders/1t/nwz7cn3x7_jdmb_smf1h62wh0000gn/T/pip-build-env-h48pvjg_/overlay/lib/python3.9/site-packages/setuptools/build_meta.py", line 423, in _build
          return self._build_with_temp_dir(
        File "/private/var/folders/1t/nwz7cn3x7_jdmb_smf1h62wh0000gn/T/pip-build-env-h48pvjg_/overlay/lib/python3.9/site-packages/setuptools/build_meta.py", line 404, in _build_with_temp_dir
          self.run_setup()
        File "/private/var/folders/1t/nwz7cn3x7_jdmb_smf1h62wh0000gn/T/pip-build-env-h48pvjg_/overlay/lib/python3.9/site-packages/setuptools/build_meta.py", line 512, in run_setup
          super().run_setup(setup_script=setup_script)
        File "/private/var/folders/1t/nwz7cn3x7_jdmb_smf1h62wh0000gn/T/pip-build-env-h48pvjg_/overlay/lib/python3.9/site-packages/setuptools/build_meta.py", line 317, in run_setup
          exec(code, locals())
        File "<string>", line 334, in <module>
        File "/private/var/folders/1t/nwz7cn3x7_jdmb_smf1h62wh0000gn/T/pip-build-env-h48pvjg_/overlay/lib/python3.9/site-packages/setuptools/__init__.py", line 115, in setup
          return distutils.core.setup(**attrs)
        File "/private/var/folders/1t/nwz7cn3x7_jdmb_smf1h62wh0000gn/T/pip-build-env-h48pvjg_/overlay/lib/python3.9/site-packages/setuptools/_distutils/core.py", line 186, in setup
          return run_commands(dist)
        File "/private/var/folders/1t/nwz7cn3x7_jdmb_smf1h62wh0000gn/T/pip-build-env-h48pvjg_/overlay/lib/python3.9/site-packages/setuptools/_distutils/core.py", line 202, in run_commands
          dist.run_commands()
        File "/private/var/folders/1t/nwz7cn3x7_jdmb_smf1h62wh0000gn/T/pip-build-env-h48pvjg_/overlay/lib/python3.9/site-packages/setuptools/_distutils/dist.py", line 1002, in run_commands
          self.run_command(cmd)
        File "/private/var/folders/1t/nwz7cn3x7_jdmb_smf1h62wh0000gn/T/pip-build-env-h48pvjg_/overlay/lib/python3.9/site-packages/setuptools/dist.py", line 1102, in run_command
          super().run_command(command)
        File "/private/var/folders/1t/nwz7cn3x7_jdmb_smf1h62wh0000gn/T/pip-build-env-h48pvjg_/overlay/lib/python3.9/site-packages/setuptools/_distutils/dist.py", line 1021, in run_command
          cmd_obj.run()
        File "/private/var/folders/1t/nwz7cn3x7_jdmb_smf1h62wh0000gn/T/pip-build-env-h48pvjg_/overlay/lib/python3.9/site-packages/setuptools/command/bdist_wheel.py", line 405, in run
          self.run_command("install")
        File "/private/var/folders/1t/nwz7cn3x7_jdmb_smf1h62wh0000gn/T/pip-build-env-h48pvjg_/overlay/lib/python3.9/site-packages/setuptools/_distutils/cmd.py", line 357, in run_command
          self.distribution.run_command(command)
        File "/private/var/folders/1t/nwz7cn3x7_jdmb_smf1h62wh0000gn/T/pip-build-env-h48pvjg_/overlay/lib/python3.9/site-packages/setuptools/dist.py", line 1102, in run_command
          super().run_command(command)
        File "/private/var/folders/1t/nwz7cn3x7_jdmb_smf1h62wh0000gn/T/pip-build-env-h48pvjg_/overlay/lib/python3.9/site-packages/setuptools/_distutils/dist.py", line 1021, in run_command
          cmd_obj.run()
        File "<string>", line 248, in run
        File "<string>", line 198, in compile_cpp
        File "<string>", line 99, in silent_call
      Exception: Please install CMake and all required dependencies first
      The full version of error log was saved into /Users/oscarperez/LightGBM_compilation.log
      [end of output]
  
  note: This error originates from a subprocess, and is likely not a problem with pip.
  ERROR: Failed building wheel for lightgbm
Failed to build lightgbm
error: failed-wheel-build-for-install

× Failed to build installable wheels for some pyproject.toml based projects
╰─> lightgbm
(venv) (base) oscarperez@Oscars-MacBook-Pro-2 ONE-HDR-READY % 
